   Compiling mail_kraken v0.1.0 (/home/thomas/develop/rust/mail_kraken)
warning: unused imports: `Level`, `Logger`
 --> src/db/email_parser1.rs:2:18
  |
2 | use mod_logger::{Level, Logger};
  |                  ^^^^^  ^^^^^^
  |
  = note: `#[warn(unused_imports)]` on by default

warning: unused imports: `Level`, `Logger`
   --> src/db/email_parser1.rs:198:22
    |
198 |     use mod_logger::{Level, Logger};
    |                      ^^^^^  ^^^^^^

warning: the trait `fetch::parser::Parser` cannot be made into an object
   --> src/doveadm/fetch/parser.rs:125:14
    |
125 |     async fn parse_subseq_field(
    |              ^^^^^^^^^^^^^^^^^^
    |
    = note: `#[warn(where_clauses_object_safety)]` on by default
    = warning: this was previously accepted by the compiler but is being phased out; it will become a hard error in a future release!
    = note: for more information, see issue #51443 <https://github.com/rust-lang/rust/issues/51443>
note: for a trait to be "object safe" it needs to allow building a vtable to allow the call to be resolvable dynamically; for more information visit <https://doc.rust-lang.org/reference/items/traits.html#object-safety>
   --> src/doveadm/fetch/parser.rs:125:14
    |
112 | pub trait Parser {
    |           ------ this trait cannot be made into an object...
...
125 |     async fn parse_subseq_field(
    |              ^^^^^^^^^^^^^^^^^^ ...because method `parse_subseq_field` references the `Self` type in its `where` clause
    = help: consider moving `parse_subseq_field` to another trait

warning: variant is never constructed: `Text`
   --> src/doveadm/fetch/params.rs:110:5
    |
110 |     Text,
    |     ^^^^
    |
    = note: `#[warn(dead_code)]` on by default

warning: associated function is never used: `from_ymd`
   --> src/doveadm/fetch/params.rs:256:12
    |
256 |     pub fn from_ymd(year: i32, month: u32, day: u32) -> DateSpec {
    |            ^^^^^^^^

warning: associated function is never used: `today`
   --> src/doveadm/fetch/params.rs:259:12
    |
259 |     pub fn today() -> DateSpec {
    |            ^^^^^

warning: associated function is never used: `new`
   --> src/doveadm/fetch/params.rs:281:12
    |
281 |     pub fn new(el: SeqElement) -> Self {
    |            ^^^

warning: associated function is never used: `add`
   --> src/doveadm/fetch/params.rs:284:12
    |
284 |     pub fn add(&mut self, el: SeqElement) {
    |            ^^^

warning: variant is never constructed: `Uid`
   --> src/doveadm/fetch/params.rs:306:5
    |
306 |     Uid(usize),
    |     ^^^^^^^^^^

warning: variant is never constructed: `Range`
   --> src/doveadm/fetch/params.rs:307:5
    |
307 |     Range(usize, usize),
    |     ^^^^^^^^^^^^^^^^^^^

warning: variant is never constructed: `Last`
   --> src/doveadm/fetch/params.rs:308:5
    |
308 |     Last,
    |     ^^^^

warning: variant is never constructed: `Redirect`
  --> src/httpd/error.rs:12:5
   |
12 |     Redirect(String),
   |     ^^^^^^^^^^^^^^^^

warning: variant is never constructed: `NotImpl`
  --> src/httpd/error.rs:90:5
   |
90 |     NotImpl(),
   |     ^^^^^^^^^

warning: `mail_kraken` (lib test) generated 13 warnings
    Finished test [unoptimized + debuginfo] target(s) in 4.75s
     Running unittests (target/debug/deps/mail_kraken-721c89e0d880f193)
